Advanced File Backup Tool - Bash Edition
Usage:
  ./backup.sh [options]
Options:
  -h, --help            Show this help message
  -u, --usage           Show usage instructions
  --debug=on|off        Enable or disable debug mode (default: off)
Interactive Features:
  - Find files older than a specific date and move/delete them
  - Schedule automatic cleanup
  - File operations like rename, edit content, and custom features
Usage examples:
1. Run the script: ./backup.sh
2. Enable debug: ./backup.sh --debug=on
3. Get help: ./backup.sh --help
[DEBUG] Starting script.
Choose an option:
1. Find files older than a date
2. Move files locally
3. Sync files to cloud
4. Rename files
5. Edit files
6. Schedule weekly cleanup
7. Exit
Enter date or duration (e.g., 2023-01-01 or 10d for 10 days):
Choose an option:
1. Find files older than a date
2. Move files locally
3. Sync files to cloud
4. Rename files
5. Edit files
6. Schedule weekly cleanup
7. Exit
Enter date or duration (e.g., 2023-01-01 or 10d for 10 days):
Choose an option:
1. Find files older than a date
2. Move files locally
3. Sync files to cloud
4. Rename files
5. Edit files
6. Schedule weekly cleanup
7. Exit
Invalid option.
Choose an option:
1. Find files older than a date
2. Move files locally
3. Sync files to cloud
4. Rename files
5. Edit files
6. Schedule weekly cleanup
7. Exit
Enter date or duration (e.g., 2023-01-01 or 10d for 10 days):
./rezerva64.xx.zip
Choose an option:
1. Find files older than a date
2. Move files locally
3. Sync files to cloud
4. Rename files
5. Edit files
6. Schedule weekly cleanup
7. Exit
Invalid option.
Choose an option:
1. Find files older than a date
2. Move files locally
3. Sync files to cloud
4. Rename files
5. Edit files
6. Schedule weekly cleanup
7. Exit
Enter date or duration (e.g., 2023-01-01 or 10d for 10 days):
./rezerva64.xx.zip
Choose an option:
1. Find files older than a date
2. Move files locally
3. Sync files to cloud
4. Rename files
5. Edit files
6. Schedule weekly cleanup
7. Exit
Enter date or duration (e.g., 2023-01-01 or 10d for 10 days):
Choose an option:
1. Find files older than a date
2. Move files locally
3. Sync files to cloud
4. Rename files
5. Edit files
6. Schedule weekly cleanup
7. Exit
Enter target directory:
mv: cannot move 'backup' to a subdirectory of itself, 'backup/backup'
Choose an option:
1. Find files older than a date
2. Move files locally
3. Sync files to cloud
4. Rename files
5. Edit files
6. Schedule weekly cleanup
7. Exit
